2259 [main] INFO  i.g.bonigarcia.wdm.WebDriverManager - Using chromedriver 112.0.5615.49 (resolved driver for Chrome 112)
2310 [main] INFO  i.g.bonigarcia.wdm.WebDriverManager - Exporting webdriver.chrome.driver as C:\Users\djach\.cache\selenium\chromedriver\win32\112.0.5615.49\chromedriver.exe
7414 [main] INFO  tests.BaseTest.class - Driver is opened
8018 [main] INFO  pages.base.BasePage - Waiting for Blouses
9309 [main] INFO  pages.base.BasePage - Element: [[ChromeDriver: chrome on WINDOWS (4c93b86062ec22e0acc75db45fdfeb4a)] -> css selector: .submenu-container>li:nth-of-type(1)>ul>li:nth-child(2)>a] has been clicked
9555 [main] INFO  pages.base.BasePage - Waiting for Quick view
9715 [main] INFO  pages.base.BasePage - Element: [[ChromeDriver: chrome on WINDOWS (4c93b86062ec22e0acc75db45fdfeb4a)] -> css selector: .quick-view] has been clicked
9762 [AsyncHttpClient-1-4] WARN  o.a.netty.handler.WebSocketHandler - onError
java.net.SocketException: Connection reset
	at java.base/sun.nio.ch.SocketChannelImpl.throwConnectionReset(SocketChannelImpl.java:394)
	at java.base/sun.nio.ch.SocketChannelImpl.read(SocketChannelImpl.java:426)
	at io.netty.buffer.PooledByteBuf.setBytes(PooledByteBuf.java:259)
	at io.netty.buffer.AbstractByteBuf.writeBytes(AbstractByteBuf.java:1132)
	at io.netty.channel.socket.nio.NioSocketChannel.doReadBytes(NioSocketChannel.java:357)
	at io.netty.channel.nio.AbstractNioByteChannel$NioByteUnsafe.read(AbstractNioByteChannel.java:151)
	at io.netty.channel.nio.NioEventLoop.processSelectedKey(NioEventLoop.java:788)
	at io.netty.channel.nio.NioEventLoop.processSelectedKeysOptimized(NioEventLoop.java:724)
	at io.netty.channel.nio.NioEventLoop.processSelectedKeys(NioEventLoop.java:650)
	at io.netty.channel.nio.NioEventLoop.run(NioEventLoop.java:562)
	at io.netty.util.concurrent.SingleThreadEventExecutor$4.run(SingleThreadEventExecutor.java:997)
	at io.netty.util.internal.ThreadExecutorMap$2.run(ThreadExecutorMap.java:74)
	at io.netty.util.concurrent.FastThreadLocalRunnable.run(FastThreadLocalRunnable.java:30)
	at java.base/java.lang.Thread.run(Thread.java:833)
9914 [main] INFO  tests.BaseTest.class - Driver is closed
