949 [main] INFO  i.g.bonigarcia.wdm.WebDriverManager - Using chromedriver 112.0.5615.49 (resolved driver for Chrome 112)
984 [main] INFO  i.g.bonigarcia.wdm.WebDriverManager - Exporting webdriver.chrome.driver as C:\Users\djach\.cache\selenium\chromedriver\win32\112.0.5615.49\chromedriver.exe
4370 [main] INFO  tests.BaseTest.class - Driver is opened
4630 [main] INFO  pages.base.BasePage - Waiting for WOMEN
5451 [main] INFO  pages.base.BasePage - Element: [[ChromeDriver: chrome on WINDOWS (adbe329810a0dff0bd791220f0eebc7c)] -> css selector: .sf-menu>li:nth-of-type(1)>a] has been clicked
10898 [main] INFO  pages.base.BasePage - Waiting for Blouses
11415 [main] INFO  pages.base.BasePage - Element: [[ChromeDriver: chrome on WINDOWS (adbe329810a0dff0bd791220f0eebc7c)] -> css selector: .submenu-container>li:nth-of-type(1)>ul>li:nth-child(2)>a] has been clicked
11608 [main] INFO  pages.base.BasePage - Waiting for Quick view
11742 [main] INFO  pages.base.BasePage - Element: [[ChromeDriver: chrome on WINDOWS (adbe329810a0dff0bd791220f0eebc7c)] -> css selector: .quick-view] has been clicked
11786 [AsyncHttpClient-1-4] WARN  o.a.netty.handler.WebSocketHandler - onError
java.net.SocketException: Connection reset
	at java.base/sun.nio.ch.SocketChannelImpl.throwConnectionReset(SocketChannelImpl.java:394)
	at java.base/sun.nio.ch.SocketChannelImpl.read(SocketChannelImpl.java:426)
	at io.netty.buffer.PooledByteBuf.setBytes(PooledByteBuf.java:259)
	at io.netty.buffer.AbstractByteBuf.writeBytes(AbstractByteBuf.java:1132)
	at io.netty.channel.socket.nio.NioSocketChannel.doReadBytes(NioSocketChannel.java:357)
	at io.netty.channel.nio.AbstractNioByteChannel$NioByteUnsafe.read(AbstractNioByteChannel.java:151)
	at io.netty.channel.nio.NioEventLoop.processSelectedKey(NioEventLoop.java:788)
	at io.netty.channel.nio.NioEventLoop.processSelectedKeysOptimized(NioEventLoop.java:724)
	at io.netty.channel.nio.NioEventLoop.processSelectedKeys(NioEventLoop.java:650)
	at io.netty.channel.nio.NioEventLoop.run(NioEventLoop.java:562)
	at io.netty.util.concurrent.SingleThreadEventExecutor$4.run(SingleThreadEventExecutor.java:997)
	at io.netty.util.internal.ThreadExecutorMap$2.run(ThreadExecutorMap.java:74)
	at io.netty.util.concurrent.FastThreadLocalRunnable.run(FastThreadLocalRunnable.java:30)
	at java.base/java.lang.Thread.run(Thread.java:833)
11895 [main] INFO  tests.BaseTest.class - Driver is closed
